Unity Editor version:    2022.3.8f1 (b5eafc012955)
Branch:                  2022.3/staging
Build type:              Release
Batch mode:              YES
macOS version:           Version 13.6.1 (Build 22G313)
Darwin version:          22.6.0
Architecture:            x86_64
Running under Rosetta:   NO
Available memory:        8192 MB
Using pre-set license
Pro License: YES

COMMAND LINE ARGUMENTS:
/Applications/Unity/Hub/Editor/2022.3.8f1/Unity.app/Contents/MacOS/Unity
-adb2
-batchMode
-noUpm
-name
AssetImportWorker0
-projectPath
/Users/sein/Desktop/Modeling/Unity/TheStoneAge
-logFile
Logs/AssetImportWorker0.log
-srvPort
52941
Successfully changed project path to: /Users/sein/Desktop/Modeling/Unity/TheStoneAge
/Users/sein/Desktop/Modeling/Unity/TheStoneAge
[UnityMemory] Configuration Parameters - Can be set up in boot.config
    "memorysetup-bucket-allocator-granularity=16"
    "memorysetup-bucket-allocator-bucket-count=8"
    "memorysetup-bucket-allocator-block-size=33554432"
    "memorysetup-bucket-allocator-block-count=8"
    "memorysetup-main-allocator-block-size=16777216"
    "memorysetup-thread-allocator-block-size=16777216"
    "memorysetup-gfx-main-allocator-block-size=16777216"
    "memorysetup-gfx-thread-allocator-block-size=16777216"
    "memorysetup-cache-allocator-block-size=4194304"
    "memorysetup-typetree-allocator-block-size=2097152"
    "memorysetup-profiler-bucket-allocator-granularity=16"
    "memorysetup-profiler-bucket-allocator-bucket-count=8"
    "memorysetup-profiler-bucket-allocator-block-size=33554432"
    "memorysetup-profiler-bucket-allocator-block-count=8"
    "memorysetup-profiler-allocator-block-size=16777216"
    "memorysetup-profiler-editor-allocator-block-size=1048576"
    "memorysetup-temp-allocator-size-main=16777216"
    "memorysetup-job-temp-allocator-block-size=2097152"
    "memorysetup-job-temp-allocator-block-size-background=1048576"
    "memorysetup-job-temp-allocator-reduction-small-platforms=262144"
    "memorysetup-allocator-temp-initial-block-size-main=262144"
    "memorysetup-allocator-temp-initial-block-size-worker=262144"
    "memorysetup-temp-allocator-size-background-worker=32768"
    "memorysetup-temp-allocator-size-job-worker=262144"
    "memorysetup-temp-allocator-size-preload-manager=33554432"
    "memorysetup-temp-allocator-size-nav-mesh-worker=65536"
    "memorysetup-temp-allocator-size-audio-worker=65536"
    "memorysetup-temp-allocator-size-cloud-worker=32768"
    "memorysetup-temp-allocator-size-gi-baking-worker=262144"
    "memorysetup-temp-allocator-size-gfx=262144"
Player connection [140704303580928] Host "[IP] 192.168.0.8 [Port] 0 [Flags] 2 [Guid] 2900629654 [EditorId] 2900629654 [Version] 1048832 [Id] OSXEditor(0,bagsein-ui-MacBookPro.local) [Debug] 1 [PackageName] OSXEditor [ProjectName] Editor" joined multi-casting on [225.0.0.222:54997]...

Player connection [140704303580928] Host "[IP] 192.168.0.8 [Port] 0 [Flags] 2 [Guid] 2900629654 [EditorId] 2900629654 [Version] 1048832 [Id] OSXEditor(0,bagsein-ui-MacBookPro.local) [Debug] 1 [PackageName] OSXEditor [ProjectName] Editor" joined alternative multi-casting on [225.0.0.222:34997]...

[Physics::Module] Initialized MultithreadedJobDispatcher with 3 workers.
Refreshing native plugins compatible for Editor in 244.55 ms, found 4 plugins.
Preloading 0 native plugins for Editor in 0.00 ms.
Initialize engine version: 2022.3.8f1 (b5eafc012955)
[Subsystems] Discovering subsystems at path /Applications/Unity/Hub/Editor/2022.3.8f1/Unity.app/Contents/Resources/UnitySubsystems
[Subsystems] Discovering subsystems at path /Users/sein/Desktop/Modeling/Unity/TheStoneAge/Assets
GfxDevice: creating device client; threaded=0; jobified=0
Color LCD preferred device: Intel(R) Iris(TM) Plus Graphics 650 (low power)
Metal devices available: 1
0: Intel(R) Iris(TM) Plus Graphics 650 (low power)
Using device Intel(R) Iris(TM) Plus Graphics 650 (low power)
Initializing Metal device caps: Intel(R) Iris(TM) Plus Graphics 650
Initialize mono
Mono path[0] = '/Applications/Unity/Hub/Editor/2022.3.8f1/Unity.app/Contents/Managed'
Mono path[1] = '/Applications/Unity/Hub/Editor/2022.3.8f1/Unity.app/Contents/MonoBleedingEdge/lib/mono/unityjit-macos'
Mono config path = '/Applications/Unity/Hub/Editor/2022.3.8f1/Unity.app/Contents/MonoBleedingEdge/etc'
Using monoOptions --debugger-agent=transport=dt_socket,embedding=1,server=y,suspend=n,address=127.0.0.1:56003
Begin MonoManager ReloadAssembly
Registering precompiled unity dll's ...
Register platform support module: /Applications/Unity/Hub/Editor/2022.3.8f1/PlaybackEngines/WebGLSupport/UnityEditor.WebGL.Extensions.dll
Register platform support module: /Applications/Unity/Hub/Editor/2022.3.8f1/Unity.app/Contents/PlaybackEngines/MacStandaloneSupport/UnityEditor.OSXStandalone.Extensions.dll
Register platform support module: /Applications/Unity/Hub/Editor/2022.3.8f1/PlaybackEngines/AndroidPlayer/UnityEditor.Android.Extensions.dll
Register platform support module: /Applications/Unity/Hub/Editor/2022.3.8f1/PlaybackEngines/iOSSupport/UnityEditor.iOS.Extensions.dll
Register platform support module: /Applications/Unity/Hub/Editor/2022.3.8f1/PlaybackEngines/VisionOSPlayer/UnityEditor.VisionOS.Extensions.dll
Register platform support module: /Applications/Unity/Hub/Editor/2022.3.8f1/PlaybackEngines/AppleTVSupport/UnityEditor.AppleTV.Extensions.dll
Register platform support module: /Applications/Unity/Hub/Editor/2022.3.8f1/PlaybackEngines/WindowsStandaloneSupport/UnityEditor.WindowsStandalone.Extensions.dll
Register platform support module: /Applications/Unity/Hub/Editor/2022.3.8f1/PlaybackEngines/LinuxStandaloneSupport/UnityEditor.LinuxStandalone.Extensions.dll
Registered in 0.412373 seconds.
- Loaded All Assemblies, in  4.836 seconds
Native extension for LinuxStandalone target not found
Native extension for WindowsStandalone target not found
[usbmuxd] Start listen thread
[usbmuxd] Listen thread started
[usbmuxd] Send listen message
Native extension for AppleTV target not found
objc[84003]: Class XcodeScriptingDelegate is implemented in both /Applications/Unity/Hub/Editor/2022.3.8f1/PlaybackEngines/AppleTVSupport/x64/UnityEditor.iOS.Native.dylib (0x15443c118) and /Applications/Unity/Hub/Editor/2022.3.8f1/PlaybackEngines/VisionOSPlayer/x64/UnityEditor.VisionOS.Native.dylib (0x154464118). One of the two will be used. Which one is undefined.
[usbmuxd] Start listen thread
[usbmuxd] Listen thread started
[usbmuxd] Send listen message
Native extension for VisionOS target not found
Native extension for iOS target not found
Native extension for Android target not found
Android Extension - Scanning For ADB Devices 295 ms
Native extension for OSXStandalone target not found
Native extension for WebGL target not found
Mono: successfully reloaded assembly
- Finished resetting the current domain, in  5.170 seconds
Domain Reload Profiling: 10006ms
	BeginReloadAssembly (1129ms)
		ExecutionOrderSort (0ms)
		DisableScriptedObjects (0ms)
		BackupInstance (0ms)
		ReleaseScriptingObjects (0ms)
		CreateAndSetChildDomain (3ms)
	RebuildCommonClasses (250ms)
	RebuildNativeTypeToScriptingClass (48ms)
	initialDomainReloadingComplete (1056ms)
	LoadAllAssembliesAndSetupDomain (2349ms)
		LoadAssemblies (1268ms)
		RebuildTransferFunctionScriptingTraits (0ms)
		AnalyzeDomain (2200ms)
			TypeCache.Refresh (2137ms)
				TypeCache.ScanAssembly (1855ms)
			ScanForSourceGeneratedMonoScriptInfo (47ms)
			ResolveRequiredComponents (2ms)
	FinalizeReload (5174ms)
		ReleaseScriptCaches (0ms)
		RebuildScriptCaches (0ms)
		SetupLoadedEditorAssemblies (4480ms)
			LogAssemblyErrors (0ms)
			InitializePlatformSupportModulesInManaged (3612ms)
			SetLoadedEditorAssemblies (16ms)
			RefreshPlugins (0ms)
			BeforeProcessingInitializeOnLoad (9ms)
			ProcessInitializeOnLoadAttributes (487ms)
			ProcessInitializeOnLoadMethodAttributes (353ms)
			AfterProcessingInitializeOnLoad (0ms)
			EditorAssembliesLoaded (0ms)
		ExecutionOrderSort2 (0ms)
		AwakeInstancesAfterBackupRestoration (0ms)
========================================================================
Worker process is ready to serve import requests
Begin MonoManager ReloadAssembly
- Loaded All Assemblies, in 17.764 seconds
Refreshing native plugins compatible for Editor in 44.44 ms, found 4 plugins.
Native extension for LinuxStandalone target not found
Native extension for WindowsStandalone target not found
Native extension for AppleTV target not found
Native extension for VisionOS target not found
Native extension for iOS target not found
Native extension for Android target not found
Native extension for OSXStandalone target not found
Native extension for WebGL target not found
Package Manager log level set to [2]
[Package Manager] Server::EnsureServerProcessIsRunning -- launch failed, reason: Unity was launched with the -noUpm command-line argument
[Package Manager] UpmClient::Send -- Unable to send message (not connected to UPM process).
[Package Manager] Cannot connect to Unity Package Manager local server
Mono: successfully reloaded assembly
- Finished resetting the current domain, in 31.093 seconds
Domain Reload Profiling: 49771ms
	BeginReloadAssembly (2429ms)
		ExecutionOrderSort (0ms)
		DisableScriptedObjects (20ms)
		BackupInstance (0ms)
		ReleaseScriptingObjects (1ms)
		CreateAndSetChildDomain (113ms)
	RebuildCommonClasses (434ms)
	RebuildNativeTypeToScriptingClass (178ms)
	initialDomainReloadingComplete (644ms)
	LoadAllAssembliesAndSetupDomain (14986ms)
		LoadAssemblies (10692ms)
		RebuildTransferFunctionScriptingTraits (0ms)
		AnalyzeDomain (5493ms)
			TypeCache.Refresh (2977ms)
				TypeCache.ScanAssembly (2115ms)
			ScanForSourceGeneratedMonoScriptInfo (817ms)
			ResolveRequiredComponents (1300ms)
	FinalizeReload (31101ms)
		ReleaseScriptCaches (0ms)
		RebuildScriptCaches (0ms)
		SetupLoadedEditorAssemblies (17604ms)
			LogAssemblyErrors (1ms)
			InitializePlatformSupportModulesInManaged (1299ms)
			SetLoadedEditorAssemblies (193ms)
			RefreshPlugins (0ms)
			BeforeProcessingInitializeOnLoad (2248ms)
			ProcessInitializeOnLoadAttributes (12848ms)
			ProcessInitializeOnLoadMethodAttributes (1009ms)
			AfterProcessingInitializeOnLoad (5ms)
			EditorAssembliesLoaded (2ms)
		ExecutionOrderSort2 (0ms)
		AwakeInstancesAfterBackupRestoration (12ms)
Launching external process: /Applications/Unity/Hub/Editor/2022.3.8f1/Unity.app/Contents/Tools/UnityShaderCompiler
Launched and connected shader compiler UnityShaderCompiler after 0.92 seconds
Refreshing native plugins compatible for Editor in 40.38 ms, found 4 plugins.
Preloading 0 native plugins for Editor in 0.00 ms.
Unloading 5730 Unused Serialized files (Serialized files now loaded: 0)
Unloading 113 unused Assets / (2.9 MB). Loaded Objects now: 6189.
Memory consumption went from 252.3 MB to 249.4 MB.
Total: 220.985849 ms (FindLiveObjects: 46.075601 ms CreateObjectMapping: 1.226789 ms MarkObjects: 162.048848 ms  DeleteObjects: 11.630780 ms)

AssetImportParameters requested are different than current active one (requested -> active):
  custom:container-demuxer-ogg: 62fdf1f143b41e24485cea50d1cbac27 -> 
  custom:video-decoder-ogg-theora: a1e56fd34408186e4bbccfd4996cb3dc -> 
  custom:CustomObjectIndexerAttribute: a3ef5dd2817f97addfee359851a9dba5 -> 
  custom:container-demuxer-webm: 4f35f7cbe854078d1ac9338744f61a02 -> 
  custom:container-muxer-webm: aa71ff27fc2769a1b78a27578f13a17b -> 
  custom:video-decoder-webm-vp8: 9c59270c3fd7afecdb556c50c9e8de78 -> 
  custom:SearchIndexIgnoredProperties: e643bd26f0fe6173181afceb89e7c659 -> 
  custom:AudioImporter_EditorPlatform: 3918e3fc78b5a79bad01e8451be0beb8 -> 
  custom:framework-osx-AVFoundation: e770b220cccbd017edd2c1fefb359320 -> 
  custom:video-encoder-webm-vp8: eb34c28f22e8b96e1ab97ce403110664 -> 
  custom:audio-decoder-ogg-vorbis: bf7c407c2cedff20999df2af8eb42d56 -> 
  custom:audio-encoder-webm-vorbis: bf7c407c2cedff20999df2af8eb42d56 -> 
  custom:scripting/precompiled-assembly-types:Assembly-CSharp-Editor: c0a915f3563f6cecf0a7dfcf1e80bfbc -> d6df9cc54704cc3b1b1fc4b8927e69bc
  custom:scripting/precompiled-assembly-types:Assembly-CSharp: e3a61cc4c2af8be8c27054c54e098179 -> 5ec8d30f74b3aa9067df162597a7f224
========================================================================
Received Prepare
Begin MonoManager ReloadAssembly
- Loaded All Assemblies, in  6.160 seconds
Refreshing native plugins compatible for Editor in 15.59 ms, found 4 plugins.
Native extension for LinuxStandalone target not found
Native extension for WindowsStandalone target not found
Native extension for AppleTV target not found
Native extension for VisionOS target not found
Native extension for iOS target not found
Native extension for Android target not found
Native extension for OSXStandalone target not found
Native extension for WebGL target not found
[Package Manager] Server::EnsureServerProcessIsRunning -- launch failed, reason: Unity was launched with the -noUpm command-line argument
[Package Manager] UpmClient::Send -- Unable to send message (not connected to UPM process).
[Package Manager] Cannot connect to Unity Package Manager local server
Mono: successfully reloaded assembly
- Finished resetting the current domain, in 23.407 seconds
Domain Reload Profiling: 29596ms
	BeginReloadAssembly (2380ms)
		ExecutionOrderSort (0ms)
		DisableScriptedObjects (26ms)
		BackupInstance (0ms)
		ReleaseScriptingObjects (1ms)
		CreateAndSetChildDomain (375ms)
	RebuildCommonClasses (233ms)
	RebuildNativeTypeToScriptingClass (35ms)
	initialDomainReloadingComplete (152ms)
	LoadAllAssembliesAndSetupDomain (3386ms)
		LoadAssemblies (5096ms)
		RebuildTransferFunctionScriptingTraits (0ms)
		AnalyzeDomain (114ms)
			TypeCache.Refresh (35ms)
				TypeCache.ScanAssembly (0ms)
			ScanForSourceGeneratedMonoScriptInfo (0ms)
			ResolveRequiredComponents (68ms)
	FinalizeReload (23411ms)
		ReleaseScriptCaches (0ms)
		RebuildScriptCaches (0ms)
		SetupLoadedEditorAssemblies (8880ms)
			LogAssemblyErrors (1ms)
			InitializePlatformSupportModulesInManaged (1663ms)
			SetLoadedEditorAssemblies (35ms)
			RefreshPlugins (0ms)
			BeforeProcessingInitializeOnLoad (2560ms)
			ProcessInitializeOnLoadAttributes (4400ms)
			ProcessInitializeOnLoadMethodAttributes (211ms)
			AfterProcessingInitializeOnLoad (7ms)
			EditorAssembliesLoaded (4ms)
		ExecutionOrderSort2 (0ms)
		AwakeInstancesAfterBackupRestoration (11ms)
Refreshing native plugins compatible for Editor in 14.50 ms, found 4 plugins.
Preloading 0 native plugins for Editor in 0.00 ms.
Unloading 5636 Unused Serialized files (Serialized files now loaded: 0)
Unloading 70 unused Assets / (2.9 MB). Loaded Objects now: 6204.
Memory consumption went from 237.2 MB to 234.4 MB.
Total: 95.395385 ms (FindLiveObjects: 5.021798 ms CreateObjectMapping: 0.887422 ms MarkObjects: 61.032916 ms  DeleteObjects: 28.450121 ms)

Prepare: number of updated asset objects reloaded= 0
AssetImportParameters requested are different than current active one (requested -> active):
  custom:container-demuxer-ogg: 62fdf1f143b41e24485cea50d1cbac27 -> 
  custom:scripting/monoscript/fileName/GeneratePlane.cs: 54b0667be7f5169250048917380e57c8 -> 02734e476bfabc22a776af7c0e2dd2b3
  custom:video-decoder-ogg-theora: a1e56fd34408186e4bbccfd4996cb3dc -> 
  custom:scripting/monoscript/fileName/LowPolyWater.cs: 1f89e58618ecefb63d14d008006b5b61 -> ffc71ec08f6917cf4aa5eaa4b3ada4e7
  custom:CustomObjectIndexerAttribute: a3ef5dd2817f97addfee359851a9dba5 -> 
  custom:container-demuxer-webm: 4f35f7cbe854078d1ac9338744f61a02 -> 
  custom:container-muxer-webm: aa71ff27fc2769a1b78a27578f13a17b -> 
  custom:video-decoder-webm-vp8: 9c59270c3fd7afecdb556c50c9e8de78 -> 
  custom:SearchIndexIgnoredProperties: e643bd26f0fe6173181afceb89e7c659 -> 
  custom:AudioImporter_EditorPlatform: 3918e3fc78b5a79bad01e8451be0beb8 -> 
  custom:framework-osx-AVFoundation: e770b220cccbd017edd2c1fefb359320 -> 
  custom:video-encoder-webm-vp8: eb34c28f22e8b96e1ab97ce403110664 -> 
  custom:audio-decoder-ogg-vorbis: bf7c407c2cedff20999df2af8eb42d56 -> 
  custom:audio-encoder-webm-vorbis: bf7c407c2cedff20999df2af8eb42d56 -> 
========================================================================
Received Import Request.
  Time since last request: 236365.898790 seconds.
  path: Assets/Resource/Low Poly Environment Starter Kit/Prefabs/URP/Terrains/Canyon.prefab
  artifactKey: Guid(95ff6f57e8fb08e4c9c38b8580fe83c1) Importer(815301076,1909f56bfc062723c751e8b465ee728b)
Start importing Assets/Resource/Low Poly Environment Starter Kit/Prefabs/URP/Terrains/Canyon.prefab using Guid(95ff6f57e8fb08e4c9c38b8580fe83c1) Importer(815301076,1909f56bfc062723c751e8b465ee728b)  -> (artifact id: 'e4228236dd9e55e48a44f20048c06c6b') in 0.713296 seconds
Number of updated asset objects reloaded before import = 0
Number of asset objects unloaded after import = 19
========================================================================
Received Import Request.
  Time since last request: 0.000079 seconds.
  path: Assets/Resource/Low Poly Environment Starter Kit/Prefabs/URP/Terrains/Lake.prefab
  artifactKey: Guid(74b914677bbfa914daea0970c81540a5) Importer(815301076,1909f56bfc062723c751e8b465ee728b)
Start importing Assets/Resource/Low Poly Environment Starter Kit/Prefabs/URP/Terrains/Lake.prefab using Guid(74b914677bbfa914daea0970c81540a5) Importer(815301076,1909f56bfc062723c751e8b465ee728b)  -> (artifact id: '9ae34e812212bc6b0cbf1798073efc42') in 0.553724 seconds
Number of updated asset objects reloaded before import = 0
Number of asset objects unloaded after import = 72
========================================================================
Received Import Request.
  Time since last request: 0.000108 seconds.
  path: Assets/Resource/Low Poly Environment Starter Kit/Prefabs/URP/Terrains/Forest.prefab
  artifactKey: Guid(b706fdbe0512b9e45a7e749d45f56c91) Importer(815301076,1909f56bfc062723c751e8b465ee728b)
Start importing Assets/Resource/Low Poly Environment Starter Kit/Prefabs/URP/Terrains/Forest.prefab using Guid(b706fdbe0512b9e45a7e749d45f56c91) Importer(815301076,1909f56bfc062723c751e8b465ee728b)  -> (artifact id: '36d70570519939d4832b630ff7e7a785') in 0.085543 seconds
Number of updated asset objects reloaded before import = 0
Number of asset objects unloaded after import = 45
========================================================================
Received Import Request.
  Time since last request: 0.062607 seconds.
  path: Assets/Resource/Low Poly Environment Starter Kit/Prefabs/URP/Rocks
  artifactKey: Guid(c8b0512f9826b0048a93d951e8fb2c74) Importer(815301076,1909f56bfc062723c751e8b465ee728b)
Start importing Assets/Resource/Low Poly Environment Starter Kit/Prefabs/URP/Rocks using Guid(c8b0512f9826b0048a93d951e8fb2c74) Importer(815301076,1909f56bfc062723c751e8b465ee728b)  -> (artifact id: '42090274b19ab29acff625ddf6cf24d9') in 0.000754 seconds
Number of updated asset objects reloaded before import = 0
Number of asset objects unloaded after import = 0
========================================================================
Received Import Request.
  Time since last request: 0.106800 seconds.
  path: Assets/Resource/Low Poly Environment Starter Kit/Prefabs/URP/Rocks/Rock 1.prefab
  artifactKey: Guid(393271bfdf2255c439d98faf76cf13e0) Importer(815301076,1909f56bfc062723c751e8b465ee728b)
Start importing Assets/Resource/Low Poly Environment Starter Kit/Prefabs/URP/Rocks/Rock 1.prefab using Guid(393271bfdf2255c439d98faf76cf13e0) Importer(815301076,1909f56bfc062723c751e8b465ee728b)  -> (artifact id: 'bc9362cbc4480cd1f15971cb112593bf') in 0.104195 seconds
Number of updated asset objects reloaded before import = 0
Number of asset objects unloaded after import = 19
========================================================================
Received Import Request.
  Time since last request: 0.000083 seconds.
  path: Assets/Resource/Low Poly Environment Starter Kit/Prefabs/URP/Rocks/Rock 5.prefab
  artifactKey: Guid(b0af5191633fdd346a14b66abe9748f2) Importer(815301076,1909f56bfc062723c751e8b465ee728b)
Start importing Assets/Resource/Low Poly Environment Starter Kit/Prefabs/URP/Rocks/Rock 5.prefab using Guid(b0af5191633fdd346a14b66abe9748f2) Importer(815301076,1909f56bfc062723c751e8b465ee728b)  -> (artifact id: '76893276938424d215c032959e3b0f51') in 0.037595 seconds
Number of updated asset objects reloaded before import = 0
Number of asset objects unloaded after import = 19
========================================================================
Received Import Request.
  Time since last request: 0.000534 seconds.
  path: Assets/Resource/Low Poly Environment Starter Kit/Prefabs/URP/Rocks/Rock Pile 1.prefab
  artifactKey: Guid(9fd89c45bf7e1304088137c6ba34dbb0) Importer(815301076,1909f56bfc062723c751e8b465ee728b)
Start importing Assets/Resource/Low Poly Environment Starter Kit/Prefabs/URP/Rocks/Rock Pile 1.prefab using Guid(9fd89c45bf7e1304088137c6ba34dbb0) Importer(815301076,1909f56bfc062723c751e8b465ee728b)  -> (artifact id: '3f5c46f009cba99bcb8cb5145124d7d1') in 0.035100 seconds
Number of updated asset objects reloaded before import = 0
Number of asset objects unloaded after import = 19
========================================================================
Received Import Request.
  Time since last request: 0.000875 seconds.
  path: Assets/Resource/Low Poly Environment Starter Kit/Prefabs/URP/Rocks/Rock 4.prefab
  artifactKey: Guid(c033eb3bc0a9def44baaffe74145799b) Importer(815301076,1909f56bfc062723c751e8b465ee728b)
Start importing Assets/Resource/Low Poly Environment Starter Kit/Prefabs/URP/Rocks/Rock 4.prefab using Guid(c033eb3bc0a9def44baaffe74145799b) Importer(815301076,1909f56bfc062723c751e8b465ee728b)  -> (artifact id: '586cfffcb1297be29e2934f55070f601') in 0.027069 seconds
Number of updated asset objects reloaded before import = 0
Number of asset objects unloaded after import = 19
========================================================================
Received Import Request.
  Time since last request: 0.001472 seconds.
  path: Assets/Resource/Low Poly Environment Starter Kit/Prefabs/URP/Rocks/Rock 8.prefab
  artifactKey: Guid(9bc01b0a028112c40832d6c99d6c4b85) Importer(815301076,1909f56bfc062723c751e8b465ee728b)
Start importing Assets/Resource/Low Poly Environment Starter Kit/Prefabs/URP/Rocks/Rock 8.prefab using Guid(9bc01b0a028112c40832d6c99d6c4b85) Importer(815301076,1909f56bfc062723c751e8b465ee728b)  -> (artifact id: '8bf5745b2fde9a5e87eae26c7837d26b') in 0.028690 seconds
Number of updated asset objects reloaded before import = 0
Number of asset objects unloaded after import = 19
========================================================================
Received Import Request.
  Time since last request: 0.001851 seconds.
  path: Assets/Resource/Low Poly Environment Starter Kit/Prefabs/URP/Rocks/Rock 11.prefab
  artifactKey: Guid(718e3e11005424c4ba3424fe9faaa329) Importer(815301076,1909f56bfc062723c751e8b465ee728b)
Start importing Assets/Resource/Low Poly Environment Starter Kit/Prefabs/URP/Rocks/Rock 11.prefab using Guid(718e3e11005424c4ba3424fe9faaa329) Importer(815301076,1909f56bfc062723c751e8b465ee728b)  -> (artifact id: '9e4f40db3727cfeb9494553a5e79203d') in 0.104899 seconds
Number of updated asset objects reloaded before import = 0
Number of asset objects unloaded after import = 19
========================================================================
Received Import Request.
  Time since last request: 0.003152 seconds.
  path: Assets/Resource/Low Poly Environment Starter Kit/Prefabs/URP/Rocks/Rock 12.prefab
  artifactKey: Guid(ed41a6a40091ae14f96a08fbbbda0411) Importer(815301076,1909f56bfc062723c751e8b465ee728b)
Start importing Assets/Resource/Low Poly Environment Starter Kit/Prefabs/URP/Rocks/Rock 12.prefab using Guid(ed41a6a40091ae14f96a08fbbbda0411) Importer(815301076,1909f56bfc062723c751e8b465ee728b)  -> (artifact id: '2a5716d118077d0ec28be87c7963eb06') in 0.019129 seconds
Number of updated asset objects reloaded before import = 0
Number of asset objects unloaded after import = 18
========================================================================
Received Import Request.
  Time since last request: 0.000130 seconds.
  path: Assets/Resource/Low Poly Environment Starter Kit/Prefabs/URP/Rocks/Rock 6.prefab
  artifactKey: Guid(873df5bb50a2df04c9c3d7abfe84c10a) Importer(815301076,1909f56bfc062723c751e8b465ee728b)
Start importing Assets/Resource/Low Poly Environment Starter Kit/Prefabs/URP/Rocks/Rock 6.prefab using Guid(873df5bb50a2df04c9c3d7abfe84c10a) Importer(815301076,1909f56bfc062723c751e8b465ee728b)  -> (artifact id: 'd315e981979e375ef2f6ea434007862e') in 0.051513 seconds
Number of updated asset objects reloaded before import = 0
Number of asset objects unloaded after import = 19
========================================================================
Received Import Request.
  Time since last request: 0.000186 seconds.
  path: Assets/Resource/Low Poly Environment Starter Kit/Prefabs/URP/Rocks/Rock 7.prefab
  artifactKey: Guid(d05325e6996e872419019732762eb178) Importer(815301076,1909f56bfc062723c751e8b465ee728b)
Start importing Assets/Resource/Low Poly Environment Starter Kit/Prefabs/URP/Rocks/Rock 7.prefab using Guid(d05325e6996e872419019732762eb178) Importer(815301076,1909f56bfc062723c751e8b465ee728b)  -> (artifact id: '38ae94ddfb91f2e46249fe7579d7c30f') in 0.058748 seconds
Number of updated asset objects reloaded before import = 0
Number of asset objects unloaded after import = 19
========================================================================
Received Import Request.
  Time since last request: 7.943606 seconds.
  path: Assets/Resource/Low Poly Environment Starter Kit/Prefabs/URP/Other
  artifactKey: Guid(55c35d56145e4fd49bd00bac44d13072) Importer(815301076,1909f56bfc062723c751e8b465ee728b)
Start importing Assets/Resource/Low Poly Environment Starter Kit/Prefabs/URP/Other using Guid(55c35d56145e4fd49bd00bac44d13072) Importer(815301076,1909f56bfc062723c751e8b465ee728b)  -> (artifact id: '8673b990581e8a8c2b9dd7cdf2599507') in 0.001197 seconds
Number of updated asset objects reloaded before import = 0
Number of asset objects unloaded after import = 0
========================================================================
Received Import Request.
  Time since last request: 0.312403 seconds.
  path: Assets/Resource/Low Poly Environment Starter Kit/Prefabs/URP/Other/Bush 1.prefab
  artifactKey: Guid(e361bee9715c4aa4980bb005ac60d7e9) Importer(815301076,1909f56bfc062723c751e8b465ee728b)
Start importing Assets/Resource/Low Poly Environment Starter Kit/Prefabs/URP/Other/Bush 1.prefab using Guid(e361bee9715c4aa4980bb005ac60d7e9) Importer(815301076,1909f56bfc062723c751e8b465ee728b)  -> (artifact id: '531485a59b6d45e1e5981a46acd87257') in 0.124568 seconds
Number of updated asset objects reloaded before import = 0
Number of asset objects unloaded after import = 18
========================================================================
Received Import Request.
  Time since last request: 0.060663 seconds.
  path: Assets/Resource/Low Poly Environment Starter Kit/Prefabs/URP/Other/Grass 4.prefab
  artifactKey: Guid(150cf7551d9b9ce40aaa3d5b7c355fcb) Importer(815301076,1909f56bfc062723c751e8b465ee728b)
Start importing Assets/Resource/Low Poly Environment Starter Kit/Prefabs/URP/Other/Grass 4.prefab using Guid(150cf7551d9b9ce40aaa3d5b7c355fcb) Importer(815301076,1909f56bfc062723c751e8b465ee728b)  -> (artifact id: 'da9e6e27a137d2c1057a450fc7904584') in 0.064591 seconds
Number of updated asset objects reloaded before import = 0
Number of asset objects unloaded after import = 19
========================================================================
Received Import Request.
  Time since last request: 0.000090 seconds.
  path: Assets/Resource/Low Poly Environment Starter Kit/Prefabs/URP/Other/Grass 3.prefab
  artifactKey: Guid(fe4ddc300bb879c4f860a9a1954689fb) Importer(815301076,1909f56bfc062723c751e8b465ee728b)
Start importing Assets/Resource/Low Poly Environment Starter Kit/Prefabs/URP/Other/Grass 3.prefab using Guid(fe4ddc300bb879c4f860a9a1954689fb) Importer(815301076,1909f56bfc062723c751e8b465ee728b)  -> (artifact id: '5432cb9ced9be188b4d843e1b7418bad') in 0.138753 seconds
Number of updated asset objects reloaded before import = 0
Number of asset objects unloaded after import = 19
========================================================================
Received Import Request.
  Time since last request: 0.001185 seconds.
  path: Assets/Resource/Low Poly Environment Starter Kit/Prefabs/URP/Other/Water.prefab
  artifactKey: Guid(10e3f8414d87676468f2743f674aa8d1) Importer(815301076,1909f56bfc062723c751e8b465ee728b)
Start importing Assets/Resource/Low Poly Environment Starter Kit/Prefabs/URP/Other/Water.prefab using Guid(10e3f8414d87676468f2743f674aa8d1) Importer(815301076,1909f56bfc062723c751e8b465ee728b)  -> (artifact id: 'c54c44a3f8f7b5eaeebb9bf07c86d5a2') in 0.318758 seconds
Number of updated asset objects reloaded before import = 0
Number of asset objects unloaded after import = 20
========================================================================
Received Import Request.
  Time since last request: 7.804730 seconds.
  path: Assets/Resource/Low Poly Environment Starter Kit/Prefabs/URP/Trees
  artifactKey: Guid(b8ee01177c5e43943853f961304624f0) Importer(815301076,1909f56bfc062723c751e8b465ee728b)
Start importing Assets/Resource/Low Poly Environment Starter Kit/Prefabs/URP/Trees using Guid(b8ee01177c5e43943853f961304624f0) Importer(815301076,1909f56bfc062723c751e8b465ee728b)  -> (artifact id: 'e5ea2e909a8947eeda4bff2b767a4660') in 0.007155 seconds
Number of updated asset objects reloaded before import = 0
Number of asset objects unloaded after import = 0
========================================================================
Received Import Request.
  Time since last request: 0.106698 seconds.
  path: Assets/Resource/Low Poly Environment Starter Kit/Prefabs/URP/Trees/Pine 1.prefab
  artifactKey: Guid(cae27e3850d0c804290a044c9e70d6f0) Importer(815301076,1909f56bfc062723c751e8b465ee728b)
Start importing Assets/Resource/Low Poly Environment Starter Kit/Prefabs/URP/Trees/Pine 1.prefab using Guid(cae27e3850d0c804290a044c9e70d6f0) Importer(815301076,1909f56bfc062723c751e8b465ee728b)  -> (artifact id: '08d1d5dce66408616c46234775fbd0a9') in 0.049659 seconds
Number of updated asset objects reloaded before import = 0
Number of asset objects unloaded after import = 34
========================================================================
Received Import Request.
  Time since last request: 0.000070 seconds.
  path: Assets/Resource/Low Poly Environment Starter Kit/Prefabs/URP/Trees/Tree 1.prefab
  artifactKey: Guid(349b27658057d8b4abd803139815d0d7) Importer(815301076,1909f56bfc062723c751e8b465ee728b)
Start importing Assets/Resource/Low Poly Environment Starter Kit/Prefabs/URP/Trees/Tree 1.prefab using Guid(349b27658057d8b4abd803139815d0d7) Importer(815301076,1909f56bfc062723c751e8b465ee728b)  -> (artifact id: '5c4ec3a9666e6371201693bd6fcdc3e1') in 0.019577 seconds
Number of updated asset objects reloaded before import = 0
Number of asset objects unloaded after import = 34
========================================================================
Received Import Request.
  Time since last request: 0.000106 seconds.
  path: Assets/Resource/Low Poly Environment Starter Kit/Prefabs/URP/Trees/Tree 7.prefab
  artifactKey: Guid(317cef7c4ec02cb4685127dd7da56834) Importer(815301076,1909f56bfc062723c751e8b465ee728b)
Start importing Assets/Resource/Low Poly Environment Starter Kit/Prefabs/URP/Trees/Tree 7.prefab using Guid(317cef7c4ec02cb4685127dd7da56834) Importer(815301076,1909f56bfc062723c751e8b465ee728b)  -> (artifact id: '320e8c23ffae7c63041cf509dd414ef6') in 0.047084 seconds
Number of updated asset objects reloaded before import = 0
Number of asset objects unloaded after import = 33
========================================================================
Received Import Request.
  Time since last request: 0.000099 seconds.
  path: Assets/Resource/Low Poly Environment Starter Kit/Prefabs/URP/Trees/Pine 4.prefab
  artifactKey: Guid(9c62758f974dbcb409d18cf6eea7e71a) Importer(815301076,1909f56bfc062723c751e8b465ee728b)
Start importing Assets/Resource/Low Poly Environment Starter Kit/Prefabs/URP/Trees/Pine 4.prefab using Guid(9c62758f974dbcb409d18cf6eea7e71a) Importer(815301076,1909f56bfc062723c751e8b465ee728b)  -> (artifact id: 'c29a3907e0bc69542cce4f9ae352e83d') in 0.026185 seconds
Number of updated asset objects reloaded before import = 0
Number of asset objects unloaded after import = 33
========================================================================
Received Import Request.
  Time since last request: 0.000080 seconds.
  path: Assets/Resource/Low Poly Environment Starter Kit/Prefabs/URP/Trees/Tree 4.prefab
  artifactKey: Guid(a46bac8e41ea01e418395a141f68a4cb) Importer(815301076,1909f56bfc062723c751e8b465ee728b)
Start importing Assets/Resource/Low Poly Environment Starter Kit/Prefabs/URP/Trees/Tree 4.prefab using Guid(a46bac8e41ea01e418395a141f68a4cb) Importer(815301076,1909f56bfc062723c751e8b465ee728b)  -> (artifact id: 'dcdbcac0a3c109d984fad8bfb1eee694') in 0.043810 seconds
Number of updated asset objects reloaded before import = 0
Number of asset objects unloaded after import = 33
========================================================================
Received Import Request.
  Time since last request: 0.000131 seconds.
  path: Assets/Resource/Low Poly Environment Starter Kit/Prefabs/URP/Trees/Tree 8.prefab
  artifactKey: Guid(e37205432e512c841ae7a9bddaefe239) Importer(815301076,1909f56bfc062723c751e8b465ee728b)
Start importing Assets/Resource/Low Poly Environment Starter Kit/Prefabs/URP/Trees/Tree 8.prefab using Guid(e37205432e512c841ae7a9bddaefe239) Importer(815301076,1909f56bfc062723c751e8b465ee728b)  -> (artifact id: '152133b44016543ef1f985e347c99b03') in 0.029633 seconds
Number of updated asset objects reloaded before import = 0
Number of asset objects unloaded after import = 33
========================================================================
Received Import Request.
  Time since last request: 0.000110 seconds.
  path: Assets/Resource/Low Poly Environment Starter Kit/Prefabs/URP/Trees/Tree 6.prefab
  artifactKey: Guid(b0481f62b0d3d084db3f82bab4650c50) Importer(815301076,1909f56bfc062723c751e8b465ee728b)
Start importing Assets/Resource/Low Poly Environment Starter Kit/Prefabs/URP/Trees/Tree 6.prefab using Guid(b0481f62b0d3d084db3f82bab4650c50) Importer(815301076,1909f56bfc062723c751e8b465ee728b)  -> (artifact id: '8cc7e9cd33996e7d96e3c1e5a04c7600') in 0.032168 seconds
Number of updated asset objects reloaded before import = 0
Number of asset objects unloaded after import = 33
========================================================================
Received Import Request.
  Time since last request: 5.676262 seconds.
  path: Assets/Resource/Low Poly Environment Starter Kit/Prefabs
  artifactKey: Guid(b4d4679356162784c892d878a01f42a6) Importer(815301076,1909f56bfc062723c751e8b465ee728b)
Start importing Assets/Resource/Low Poly Environment Starter Kit/Prefabs using Guid(b4d4679356162784c892d878a01f42a6) Importer(815301076,1909f56bfc062723c751e8b465ee728b)  -> (artifact id: '6f2218877faaf97bf9a4e0d52a32adf0') in 0.001143 seconds
Number of updated asset objects reloaded before import = 0
Number of asset objects unloaded after import = 0
========================================================================
Received Import Request.
  Time since last request: 1.351011 seconds.
  path: Assets/Resource/Low Poly Environment Starter Kit/Prefabs/HDRP
  artifactKey: Guid(c40789aa9a2eddd4290cc34354c7e360) Importer(815301076,1909f56bfc062723c751e8b465ee728b)
Start importing Assets/Resource/Low Poly Environment Starter Kit/Prefabs/HDRP using Guid(c40789aa9a2eddd4290cc34354c7e360) Importer(815301076,1909f56bfc062723c751e8b465ee728b)  -> (artifact id: '35b263d24f921177425096d6200a98dd') in 0.000750 seconds
Number of updated asset objects reloaded before import = 0
Number of asset objects unloaded after import = 0
========================================================================
Received Import Request.
  Time since last request: 1.821610 seconds.
  path: Assets/Resource/Low Poly Environment Starter Kit/Prefabs/HDRP/Rocks
  artifactKey: Guid(83b35c95b163b9d47ba8d2d3e87e93ed) Importer(815301076,1909f56bfc062723c751e8b465ee728b)
Start importing Assets/Resource/Low Poly Environment Starter Kit/Prefabs/HDRP/Rocks using Guid(83b35c95b163b9d47ba8d2d3e87e93ed) Importer(815301076,1909f56bfc062723c751e8b465ee728b)  -> (artifact id: 'd1fe6a0d2a4724ecbcd4b7e8d50d8092') in 0.000970 seconds
Number of updated asset objects reloaded before import = 0
Number of asset objects unloaded after import = 0
========================================================================
Received Import Request.
  Time since last request: 0.158564 seconds.
  path: Assets/Resource/Low Poly Environment Starter Kit/Prefabs/HDRP/Rocks/Rock 1.prefab
  artifactKey: Guid(dce4064665cd37e479e8176db0f3fba9) Importer(815301076,1909f56bfc062723c751e8b465ee728b)
Start importing Assets/Resource/Low Poly Environment Starter Kit/Prefabs/HDRP/Rocks/Rock 1.prefab using Guid(dce4064665cd37e479e8176db0f3fba9) Importer(815301076,1909f56bfc062723c751e8b465ee728b)  -> (artifact id: '08d95e4db8457d4dad25676c526b3429') in 0.163395 seconds
Number of updated asset objects reloaded before import = 0
Number of asset objects unloaded after import = 19
========================================================================
Received Import Request.
  Time since last request: 0.000488 seconds.
  path: Assets/Resource/Low Poly Environment Starter Kit/Prefabs/HDRP/Rocks/Rock Pile 1.prefab
  artifactKey: Guid(4bac1fb2510336345b46d088ec78919f) Importer(815301076,1909f56bfc062723c751e8b465ee728b)
Start importing Assets/Resource/Low Poly Environment Starter Kit/Prefabs/HDRP/Rocks/Rock Pile 1.prefab using Guid(4bac1fb2510336345b46d088ec78919f) Importer(815301076,1909f56bfc062723c751e8b465ee728b)  -> (artifact id: '02408f448ddd746e2b8bb09a015aa7d0') in 0.084079 seconds
Number of updated asset objects reloaded before import = 0
Number of asset objects unloaded after import = 19
========================================================================
Received Import Request.
  Time since last request: 0.001177 seconds.
  path: Assets/Resource/Low Poly Environment Starter Kit/Prefabs/HDRP/Rocks/Rock 6.prefab
  artifactKey: Guid(c9c3c4ff93424334ba8734103df52cbb) Importer(815301076,1909f56bfc062723c751e8b465ee728b)
Start importing Assets/Resource/Low Poly Environment Starter Kit/Prefabs/HDRP/Rocks/Rock 6.prefab using Guid(c9c3c4ff93424334ba8734103df52cbb) Importer(815301076,1909f56bfc062723c751e8b465ee728b)  -> (artifact id: '9e9fff02fabd2c6d0420b22f58ea55d5') in 0.046992 seconds
Number of updated asset objects reloaded before import = 0
Number of asset objects unloaded after import = 19
========================================================================
Received Import Request.
  Time since last request: 0.001592 seconds.
  path: Assets/Resource/Low Poly Environment Starter Kit/Prefabs/HDRP/Rocks/Rock 11.prefab
  artifactKey: Guid(c21822524dde38649a3229b4ac62996e) Importer(815301076,1909f56bfc062723c751e8b465ee728b)
Start importing Assets/Resource/Low Poly Environment Starter Kit/Prefabs/HDRP/Rocks/Rock 11.prefab using Guid(c21822524dde38649a3229b4ac62996e) Importer(815301076,1909f56bfc062723c751e8b465ee728b)  -> (artifact id: '8584b475e96e22e418042f2109d141ea') in 0.019163 seconds
Number of updated asset objects reloaded before import = 0
Number of asset objects unloaded after import = 19
========================================================================
Received Import Request.
  Time since last request: 0.000092 seconds.
  path: Assets/Resource/Low Poly Environment Starter Kit/Prefabs/HDRP/Rocks/Rock Arc.prefab
  artifactKey: Guid(ce1f98f5d8cfa0c4eb3d38ecd510e20f) Importer(815301076,1909f56bfc062723c751e8b465ee728b)
Start importing Assets/Resource/Low Poly Environment Starter Kit/Prefabs/HDRP/Rocks/Rock Arc.prefab using Guid(ce1f98f5d8cfa0c4eb3d38ecd510e20f) Importer(815301076,1909f56bfc062723c751e8b465ee728b)  -> (artifact id: '248233636b440d9c3cd9ba9e9f9297a1') in 0.096251 seconds
Number of updated asset objects reloaded before import = 0
Number of asset objects unloaded after import = 19
========================================================================
Received Import Request.
  Time since last request: 0.001478 seconds.
  path: Assets/Resource/Low Poly Environment Starter Kit/Prefabs/HDRP/Rocks/Rock Pile 2.prefab
  artifactKey: Guid(07b179de58b5a9e4ab38dbf1ddf81795) Importer(815301076,1909f56bfc062723c751e8b465ee728b)
Start importing Assets/Resource/Low Poly Environment Starter Kit/Prefabs/HDRP/Rocks/Rock Pile 2.prefab using Guid(07b179de58b5a9e4ab38dbf1ddf81795) Importer(815301076,1909f56bfc062723c751e8b465ee728b)  -> (artifact id: 'e6bfd495bd00b67048dd2a293d790739') in 0.022144 seconds
Number of updated asset objects reloaded before import = 0
Number of asset objects unloaded after import = 19
========================================================================
Received Import Request.
  Time since last request: 0.001109 seconds.
  path: Assets/Resource/Low Poly Environment Starter Kit/Prefabs/HDRP/Rocks/Rock Pile 3.prefab
  artifactKey: Guid(de0280632bc1bc64cba672966e053e51) Importer(815301076,1909f56bfc062723c751e8b465ee728b)
Start importing Assets/Resource/Low Poly Environment Starter Kit/Prefabs/HDRP/Rocks/Rock Pile 3.prefab using Guid(de0280632bc1bc64cba672966e053e51) Importer(815301076,1909f56bfc062723c751e8b465ee728b)  -> (artifact id: '81cb834b9f87213234e439499d904eb3') in 0.049495 seconds
Number of updated asset objects reloaded before import = 0
Number of asset objects unloaded after import = 19
TcpMessagingSession - receive error
AssetImportWorkerClient::OnTransportError - code=2 error=End of file
